<?xml version="1.0" encoding="UTF-8"?>
<!-- Generated by org.testng.reporters.JUnitXMLReporter -->
<testsuite ignored="0" hostname="DSAHANI-NA601" failures="1" tests="2" name="Test" time="15.638" errors="0" timestamp="2021-03-25T20:29:07 IST">
  <testcase classname="com.automation.testscripts.LoginTestCRM" name="loginApp" time="4.912"/>
  <testcase classname="com.automation.testscripts.LoginTestCRM" name="validateTitle" time="0.003">
    <failure type="java.lang.AssertionError" message="expected [true] but found [false]">
      <![CDATA[java.lang.AssertionError: expected [true] but found [false]
at com.automation.testscripts.LoginTestCRM.validateTitle(LoginTestCRM.java:38)
at java.base/java.util.ArrayList.forEach(ArrayList.java:1511)
... Removed 35 stack frames]]>
    </failure>
  </testcase> <!-- validateTitle -->
</testsuite> <!-- Test -->
